[18:19:07] [Server thread/INFO]: Starting minecraft server version 1.14.4
[18:19:07] [Server thread/INFO]: Loading properties
[18:19:07] [Server thread/INFO]: Default game type: SURVIVAL
[18:19:07] [Server thread/INFO]: Generating keypair
[18:19:07] [Server thread/INFO]: Starting Minecraft server on *:25565
[18:19:07] [Server thread/INFO]: Using default channel type
[18:19:08] [Server thread/INFO]: This server is running CraftBukkit version git-Bukkit-3e3818b (MC: 1.14.4) (Implementing API version 1.14.4-R0.1-SNAPSHOT)
[18:19:08] [Server thread/INFO]: Preparing level "world"
[18:19:08] [Server thread/INFO]: Found new data pack file/bukkit, loading it automatically
[18:19:08] [Server thread/INFO]: Found new data pack vanilla, loading it automatically
[18:19:08] [Server thread/INFO]: Reloading ResourceManager: Default, bukkit
[18:19:10] [Server thread/INFO]: Loaded 6 recipes
[18:19:25] [Server thread/INFO]: Preparing start region for dimension 'world'/minecraft:overworld
[18:19:25] [Server-Worker-3/INFO]: Preparing spawn area: 0%
[18:19:25] [Server-Worker-1/INFO]: Preparing spawn area: 0%
[18:19:26] [Server-Worker-1/INFO]: Preparing spawn area: 0%
[18:19:26] [Server-Worker-1/INFO]: Preparing spawn area: 0%
[18:19:27] [Server-Worker-2/INFO]: Preparing spawn area: 0%
[18:19:27] [Server-Worker-2/INFO]: Preparing spawn area: 1%
[18:19:28] [Server-Worker-1/INFO]: Preparing spawn area: 1%
[18:19:28] [Server-Worker-3/INFO]: Preparing spawn area: 5%
[18:19:29] [Server-Worker-2/INFO]: Preparing spawn area: 5%
[18:19:29] [Server-Worker-2/INFO]: Preparing spawn area: 5%
[18:19:30] [Server-Worker-2/INFO]: Preparing spawn area: 11%
[18:19:30] [Server-Worker-1/INFO]: Preparing spawn area: 11%
[18:19:31] [Server-Worker-1/INFO]: Preparing spawn area: 17%
[18:19:32] [Server-Worker-3/INFO]: Preparing spawn area: 17%
[18:19:32] [Server-Worker-3/INFO]: Preparing spawn area: 17%
[18:19:32] [Server-Worker-1/INFO]: Preparing spawn area: 17%
[18:19:33] [Server-Worker-1/INFO]: Preparing spawn area: 17%
[18:19:33] [Server-Worker-3/INFO]: Preparing spawn area: 17%
[18:19:34] [Server-Worker-3/INFO]: Preparing spawn area: 24%
[18:19:34] [Server-Worker-3/INFO]: Preparing spawn area: 24%
[18:19:35] [Server-Worker-3/INFO]: Preparing spawn area: 24%
[18:19:35] [Server-Worker-1/INFO]: Preparing spawn area: 27%
[18:19:36] [Server-Worker-1/INFO]: Preparing spawn area: 27%
[18:19:36] [Server-Worker-1/INFO]: Preparing spawn area: 27%
[18:19:37] [Server-Worker-3/INFO]: Preparing spawn area: 27%
[18:19:37] [Server-Worker-1/INFO]: Preparing spawn area: 35%
[18:19:38] [Server-Worker-1/INFO]: Preparing spawn area: 39%
[18:19:39] [Server-Worker-1/INFO]: Preparing spawn area: 41%
[18:19:39] [Server-Worker-3/INFO]: Preparing spawn area: 45%
[18:19:40] [Server-Worker-2/INFO]: Preparing spawn area: 46%
[18:19:40] [Server-Worker-2/INFO]: Preparing spawn area: 53%
[18:19:40] [Server-Worker-2/INFO]: Preparing spawn area: 53%
[18:19:43] [Server-Worker-1/INFO]: Preparing spawn area: 58%
[18:19:43] [Server-Worker-3/INFO]: Preparing spawn area: 58%
[18:19:43] [Server-Worker-1/INFO]: Preparing spawn area: 58%
[18:19:43] [Server-Worker-3/INFO]: Preparing spawn area: 58%
[18:19:43] [Server-Worker-3/INFO]: Preparing spawn area: 58%
[18:19:43] [Server-Worker-1/INFO]: Preparing spawn area: 68%
[18:19:44] [Server-Worker-2/INFO]: Preparing spawn area: 71%
[18:19:44] [Server-Worker-2/INFO]: Preparing spawn area: 75%
[18:19:45] [Server-Worker-2/INFO]: Preparing spawn area: 77%
[18:19:45] [Server-Worker-3/INFO]: Preparing spawn area: 77%
[18:19:47] [Server-Worker-2/INFO]: Preparing spawn area: 81%
[18:19:47] [Server-Worker-3/INFO]: Preparing spawn area: 81%
[18:19:47] [Server-Worker-2/INFO]: Preparing spawn area: 81%
[18:19:48] [Server-Worker-2/INFO]: Preparing spawn area: 85%
[18:19:48] [Server-Worker-3/INFO]: Preparing spawn area: 85%
[18:19:48] [Server-Worker-2/INFO]: Preparing spawn area: 85%
[18:19:50] [Server-Worker-2/INFO]: Preparing spawn area: 88%
[18:19:50] [Server-Worker-2/INFO]: Preparing spawn area: 88%
[18:19:50] [Server-Worker-2/INFO]: Preparing spawn area: 88%
[18:19:50] [Server-Worker-2/INFO]: Preparing spawn area: 88%
[18:19:53] [Server-Worker-3/INFO]: Preparing spawn area: 92%
[18:19:53] [Server-Worker-3/INFO]: Preparing spawn area: 92%
[18:19:53] [Server-Worker-3/INFO]: Preparing spawn area: 92%
[18:19:53] [Server-Worker-3/INFO]: Preparing spawn area: 92%
[18:19:53] [Server-Worker-3/INFO]: Preparing spawn area: 92%
[18:19:53] [Server-Worker-3/INFO]: Preparing spawn area: 92%
[18:19:53] [Server thread/INFO]: Time elapsed: 28905 ms
[18:19:53] [Server thread/INFO]: Preparing start region for dimension 'world_nether'/minecraft:the_nether
[18:19:54] [Server-Worker-2/INFO]: Preparing spawn area: 0%
[18:19:54] [Server-Worker-3/INFO]: Preparing spawn area: 0%
[18:19:54] [Server-Worker-3/INFO]: Preparing spawn area: 0%
[18:19:55] [Server-Worker-1/INFO]: Preparing spawn area: 2%
[18:19:55] [Server-Worker-2/INFO]: Preparing spawn area: 4%
[18:19:56] [Server-Worker-1/INFO]: Preparing spawn area: 4%
[18:19:56] [Server-Worker-2/INFO]: Preparing spawn area: 9%
[18:19:57] [Server-Worker-3/INFO]: Preparing spawn area: 16%
[18:19:57] [Server-Worker-1/INFO]: Preparing spawn area: 23%
[18:19:58] [Server-Worker-1/INFO]: Preparing spawn area: 26%
[18:19:58] [Server-Worker-1/INFO]: Preparing spawn area: 34%
[18:19:59] [Server-Worker-1/INFO]: Preparing spawn area: 36%
[18:19:59] [Server-Worker-1/INFO]: Preparing spawn area: 44%
[18:20:00] [Server-Worker-1/INFO]: Preparing spawn area: 52%
[18:20:00] [Server-Worker-3/INFO]: Preparing spawn area: 62%
[18:20:01] [Server-Worker-1/INFO]: Preparing spawn area: 75%
[18:20:02] [Server-Worker-3/INFO]: Preparing spawn area: 84%
[18:20:02] [Server-Worker-3/INFO]: Preparing spawn area: 96%
[18:20:02] [Server thread/INFO]: Time elapsed: 8608 ms
[18:20:02] [Server thread/INFO]: Preparing start region for dimension 'world_the_end'/minecraft:the_end
[18:20:02] [Server-Worker-3/INFO]: Preparing spawn area: 0%
[18:20:03] [Server-Worker-1/INFO]: Preparing spawn area: 2%
[18:20:03] [Server-Worker-1/INFO]: Preparing spawn area: 33%
[18:20:04] [Server-Worker-2/INFO]: Preparing spawn area: 53%
[18:20:04] [Server thread/INFO]: Time elapsed: 1944 ms
[18:20:04] [Server thread/INFO]: Done (55.918s)! For help, type "help"
[18:20:41] [Server thread/INFO]: Unknown command. Type "help" for help.
