[21:26:03] [Server thread/INFO]: Loading properties
[21:26:03] [Server thread/INFO]: Default game type: SURVIVAL
[21:26:03] [Server thread/INFO]: Generating keypair
[21:26:03] [Server thread/INFO]: Starting Minecraft server on *:25565
[21:26:03] [Server thread/INFO]: Using default channel type
[21:26:04] [Server thread/INFO]: This server is running CraftBukkit version git-Bukkit-3e3818b (MC: 1.14.4) (Implementing API version 1.14.4-R0.1-SNAPSHOT)
[21:26:04] [Server thread/INFO]: Preparing level "world"
[21:26:04] [Server thread/INFO]: Reloading ResourceManager: Default, bukkit
[21:26:05] [Server thread/INFO]: Loaded 6 recipes
[21:26:15] [Server thread/INFO]: Preparing start region for dimension 'world'/minecraft:overworld
[21:26:16] [Server thread/INFO]: Preparing spawn area: 0%
[21:26:16] [Server thread/INFO]: Preparing spawn area: 0%
[21:26:16] [Server thread/INFO]: Preparing spawn area: 0%
[21:26:17] [Server thread/INFO]: Preparing spawn area: 38%
[21:26:21] [Server-Worker-2/INFO]: Preparing spawn area: 83%
[21:26:21] [Server-Worker-1/INFO]: Preparing spawn area: 83%
[21:26:21] [Server-Worker-1/INFO]: Preparing spawn area: 83%
[21:26:21] [Server-Worker-1/INFO]: Preparing spawn area: 83%
[21:26:21] [Server-Worker-1/INFO]: Preparing spawn area: 83%
[21:26:21] [Server-Worker-1/INFO]: Preparing spawn area: 83%
[21:26:21] [Server-Worker-1/INFO]: Preparing spawn area: 83%
[21:26:21] [Server-Worker-1/INFO]: Preparing spawn area: 83%
[21:26:21] [Server-Worker-2/INFO]: Preparing spawn area: 83%
[21:26:22] [Server-Worker-1/INFO]: Preparing spawn area: 83%
[21:26:22] [Server-Worker-1/INFO]: Preparing spawn area: 83%
[21:26:23] [Server-Worker-1/INFO]: Preparing spawn area: 83%
[21:26:23] [Server-Worker-2/INFO]: Preparing spawn area: 83%
[21:26:24] [Server-Worker-2/INFO]: Preparing spawn area: 86%
[21:26:24] [Server-Worker-1/INFO]: Preparing spawn area: 96%
[21:26:24] [Server thread/INFO]: Time elapsed: 9228 ms
[21:26:24] [Server thread/INFO]: Preparing start region for dimension 'world_nether'/minecraft:the_nether
[21:26:25] [Server thread/INFO]: Preparing spawn area: 0%
[21:26:25] [Server thread/INFO]: Preparing spawn area: 0%
[21:26:25] [Server-Worker-1/INFO]: Preparing spawn area: 83%
[21:26:26] [Server-Worker-1/INFO]: Preparing spawn area: 83%
[21:26:26] [Server-Worker-1/INFO]: Preparing spawn area: 89%
[21:26:27] [Server thread/INFO]: Time elapsed: 2479 ms
[21:26:27] [Server thread/INFO]: Preparing start region for dimension 'world_the_end'/minecraft:the_end
[21:26:27] [Server thread/INFO]: Preparing spawn area: 0%
[21:26:27] [Server-Worker-2/INFO]: Preparing spawn area: 83%
[21:26:28] [Server thread/INFO]: Time elapsed: 871 ms
[21:26:28] [Server thread/INFO]: Server permissions file permissions.yml is empty, ignoring it
[21:26:28] [Server thread/INFO]: Done (23.374s)! For help, type "help"
